#
# A fatal error has been detected by the Java Runtime Environment:
#
#  EXCEPTION_ACCESS_VIOLATION (0xc0000005) at pc=0x00007ff847892307, pid=15848, tid=16288
#
# JRE version: Java(TM) SE Runtime Environment (19.0+36) (build 19+36-2238)
# Java VM: Java HotSpot(TM) 64-Bit Server VM (19+36-2238, mixed mode, sharing, tiered, compressed oops, compressed class ptrs, g1 gc, windows-amd64)
# Problematic frame:
# C  [help64.dll+0x2307]
#
# No core dump will be written. Minidumps are not enabled by default on client versions of Windows
#
# If you would like to submit a bug report, please visit:
#   https://bugreport.java.com/bugreport/crash.jsp
#

---------------  S U M M A R Y ------------

Command Line: -Dfile.encoding=UTF-8 Sistema_Nominado_Beta.Login_Online

Host: Intel(R) Core(TM) i7-9700F CPU @ 3.00GHz, 8 cores, 15G,  Windows 11 , 64 bit Build 22621 (10.0.22621.457)
Time: Sun Oct  9 19:16:28 2022 Hora de verano central (México) elapsed time: 91.981154 seconds (0d 0h 1m 31s)

---------------  T H R E A D  ---------------

Current thread (0x000001f4ffd131b0):  VMThread "VM Thread" [stack: 0x00000089a0d00000,0x00000089a0e00000] [id=16288]

Stack: [0x00000089a0d00000,0x00000089a0e00000],  sp=0x00000089a0dfec50,  free space=1019k
Native frames: (J=compiled Java code, j=interpreted, Vv=VM code, C=native code)
C  [help64.dll+0x2307]


siginfo: EXCEPTION_ACCESS_VIOLATION (0xc0000005), reading address 0x00007ff86ff9f958


Registers:
RAX=0x00007ff86ff9f948, RBX=0x000001f490a44410, RCX=0x000001f4893916d8, RDX=0x00007ff8478c3b98
RSP=0x00000089a0dfec50, RBP=0x00000089a0dff110, RSI=0x00007ff8478b26b0, RDI=0x000001f490a443e0
R8 =0x0000000000000028, R9 =0x000001f490a443e0, R10=0x000001f4dec00000, R11=0x00000089a0dfec00
R12=0x000001f490a443e0, R13=0x0000000000000040, R14=0x000001f490a44430, R15=0x00000089a0dfeda0
RIP=0x00007ff847892307, EFLAGS=0x0000000000010206


Register to memory mapping:

RIP=0x00007ff847892307 help64.dll
RAX=0x00007ff86ff9f948 is an unknown value
RBX=0x000001f490a44410 points into unknown readable memory: 0x0000a061cf4d1b68 | 68 1b 4d cf 61 a0 00 00
RCX=0x000001f4893916d8 points into unknown readable memory: 0x00007ff86ff9f948 | 48 f9 f9 6f f8 7f 00 00
RDX=0x00007ff8478c3b98 help64.dll
RSP=0x00000089a0dfec50 points into unknown readable memory: 0x0000000000000000 | 00 00 00 00 00 00 00 00
RBP=0x00000089a0dff110 points into unknown readable memory: 0x00000089a0dff259 | 59 f2 df a0 89 00 00 00
RSI=0x00007ff8478b26b0 help64.dll
RDI=0x000001f490a443e0 points into unknown readable memory: 0x89e86461cf32e32f | 2f e3 32 cf 61 64 e8 89
R8 =0x0000000000000028 is an unknown value
R9 =0x000001f490a443e0 points into unknown readable memory: 0x89e86461cf32e32f | 2f e3 32 cf 61 64 e8 89
R10=0x000001f4dec00000 points into unknown readable memory: 0x0000000000000000 | 00 00 00 00 00 00 00 00
R11=0x00000089a0dfec00 points into unknown readable memory: 0x00000089a0dfeda0 | a0 ed df a0 89 00 00 00
R12=0x000001f490a443e0 points into unknown readable memory: 0x89e86461cf32e32f | 2f e3 32 cf 61 64 e8 89
R13=0x0000000000000040 is an unknown value
R14=0x000001f490a44430 points into unknown readable memory: 0x0000a061cf4d1b68 | 68 1b 4d cf 61 a0 00 00
R15=0x00000089a0dfeda0 points into unknown readable memory: 0x00000089a0dfedc0 | c0 ed df a0 89 00 00 00


Top of Stack: (sp=0x00000089a0dfec50)
0x00000089a0dfec50:   0000000000000000 0000000000000000
0x00000089a0dfec60:   000001f490a443e0 00007ff8478a7a68
0x00000089a0dfec70:   000001f490a44428 00007ff847892123
0x00000089a0dfec80:   00007ff8478c4e68 0000000000000000
0x00000089a0dfec90:   000001f490a44428 00007ff84789c48c
0x00000089a0dfeca0:   0000000000000000 00007ff847894c3a
0x00000089a0dfecb0:   00007ff8478c4e68 0000000000000000
0x00000089a0dfecc0:   000001f488822c90 000001f4dee061b0
0x00000089a0dfecd0:   0000000000000000 00007ff8478b26c0
0x00000089a0dfece0:   00007ff8478c4e40 0000000000000000
0x00000089a0dfecf0:   000000000000008d 0000000000000000
0x00000089a0dfed00:   0000000000000000 00007ff8478a72db
0x00000089a0dfed10:   0000000000000000 0000000000000000
0x00000089a0dfed20:   0000000000000000 0000000010010011
0x00000089a0dfed30:   000001f490a44410 000001f490a443e0
0x00000089a0dfed40:   000001f490a443e0 000001f490a44430 

Instructions: (pc=0x00007ff847892307)
0x00007ff847892207:   24 38 48 8d 0d f0 2a 03 00 e8 7b f8 ff ff e8 66
0x00007ff847892217:   f2 ff ff 0f b6 c0 85 c0 0f 84 8f 00 00 00 33 d2
0x00007ff847892227:   48 8d 4c 24 28 e8 3f 01 00 00 48 8d 4c 24 28 e8
0x00007ff847892237:   85 00 00 00 48 8b 4c 24 30 48 8b 09 48 89 4c 24
0x00007ff847892247:   40 4c 8b c0 48 8d 15 ce cb 02 00 48 8b 4c 24 30
0x00007ff847892257:   48 8b 44 24 40 ff 10 89 44 24 20 83 7c 24 20 00
0x00007ff847892267:   7d 1c 8b 54 24 20 48 8d 0d 4c 96 02 00 e8 c7 84
0x00007ff847892277:   00 00 48 8d 4c 24 28 e8 8d fe ff ff eb 2f 48 8d
0x00007ff847892287:   4c 24 28 e8 41 00 00 00 48 8b d0 48 8d 0d 67 2a
0x00007ff847892297:   03 00 e8 c2 f9 ff ff 33 d2 48 8d 4c 24 28 e8 66
0x00007ff8478922a7:   00 00 00 48 8d 4c 24 28 e8 5c fe ff ff 48 83 c4
0x00007ff8478922b7:   58 c3 cc cc cc cc cc cc cc 48 89 4c 24 08 48 8b
0x00007ff8478922c7:   44 24 08 c3 cc cc cc cc cc 48 89 4c 24 08 48 8b
0x00007ff8478922d7:   44 24 08 48 8b 00 c3 cc cc 48 89 4c 24 08 48 83
0x00007ff8478922e7:   ec 28 48 8b 44 24 30 48 83 38 00 74 16 48 8b 44
0x00007ff8478922f7:   24 30 48 8b 00 48 8b 4c 24 30 48 8b 09 48 8b 00
0x00007ff847892307:   ff 50 10 48 83 c4 28 c3 cc 48 89 54 24 10 48 89
0x00007ff847892317:   4c 24 08 48 83 ec 38 48 8b 54 24 48 48 8b 4c 24
0x00007ff847892327:   40 e8 73 00 00 00 0f b6 c0 85 c0 74 26 48 8b 54
0x00007ff847892337:   24 48 48 8d 4c 24 20 e8 2d 00 00 00 48 8b 54 24
0x00007ff847892347:   40 48 8b c8 e8 90 00 00 00 48 8d 4c 24 20 e8 b6
0x00007ff847892357:   fd ff ff 48 8b 4c 24 40 e8 6c ff ff ff 48 83 c4
0x00007ff847892367:   38 c3 cc cc cc cc cc cc cc 48 89 54 24 10 48 89
0x00007ff847892377:   4c 24 08 48 83 ec 28 48 8b 54 24 38 48 8b 4c 24
0x00007ff847892387:   30 e8 93 00 00 00 48 8b 44 24 30 48 83 c4 28 c3
0x00007ff847892397:   cc cc cc cc cc cc cc cc cc 48 89 54 24 10 48 89
0x00007ff8478923a7:   4c 24 08 48 83 ec 38 48 8b 54 24 48 48 8b 4c 24
0x00007ff8478923b7:   40 e8 b3 00 00 00 0f b6 c0 85 c0 75 0a c7 44 24
0x00007ff8478923c7:   20 01 00 00 00 eb 08 c7 44 24 20 00 00 00 00 0f
0x00007ff8478923d7:   b6 44 24 20 48 83 c4 38 c3 48 89 54 24 10 48 89
0x00007ff8478923e7:   4c 24 08 48 83 ec 18 48 8b 44 24 20 48 8b 00 48
0x00007ff8478923f7:   89 04 24 48 8b 44 24 20 48 8b 4c 24 28 48 8b 09 


Stack slot to memory mapping:
stack at sp + 0 slots: 0x0 is NULL
stack at sp + 1 slots: 0x0 is NULL
stack at sp + 2 slots: 0x000001f490a443e0 points into unknown readable memory: 0x89e86461cf32e32f | 2f e3 32 cf 61 64 e8 89
stack at sp + 3 slots: 0x00007ff8478a7a68 help64.dll
stack at sp + 4 slots: 0x000001f490a44428 points into unknown readable memory: 0x0000a061cf4d1b68 | 68 1b 4d cf 61 a0 00 00
stack at sp + 5 slots: 0x00007ff847892123 help64.dll
stack at sp + 6 slots: 0x00007ff8478c4e68 help64.dll
stack at sp + 7 slots: 0x0 is NULL

VM_Operation (0x00000089a1dfdfb0): Exit, mode: safepoint, requested by thread 0x000001f4888e1420


---------------  P R O C E S S  ---------------

Threads class SMR info:
_java_thread_list=0x000001f49070ab30, length=17, elements={
0x000001f4ffd2b4e0, 0x000001f4ffd2bf10, 0x000001f4ffd34ce0, 0x000001f4ffd35610,
0x000001f4ffd35f40, 0x000001f4ffd3a890, 0x000001f4ffd3e9f0, 0x000001f4ffd47370,
0x000001f4ffd47ce0, 0x000001f48865d000, 0x000001f488680b40, 0x000001f488700d10,
0x000001f4888db670, 0x000001f4888e1420, 0x000001f4e0de73d0, 0x000001f48934aaf0,
0x000001f48934a5a0
}

Java Threads: ( => current thread )
  0x000001f4ffd2b4e0 JavaThread "Reference Handler" daemon [_thread_blocked, id=8820, stack(0x00000089a0e00000,0x00000089a0f00000)]
  0x000001f4ffd2bf10 JavaThread "Finalizer" daemon [_thread_blocked, id=19968, stack(0x00000089a0f00000,0x00000089a1000000)]
  0x000001f4ffd34ce0 JavaThread "Signal Dispatcher" daemon [_thread_blocked, id=13944, stack(0x00000089a1000000,0x00000089a1100000)]
  0x000001f4ffd35610 JavaThread "Attach Listener" daemon [_thread_blocked, id=2288, stack(0x00000089a1100000,0x00000089a1200000)]
  0x000001f4ffd35f40 JavaThread "Service Thread" daemon [_thread_blocked, id=19596, stack(0x00000089a1200000,0x00000089a1300000)]
  0x000001f4ffd3a890 JavaThread "Monitor Deflation Thread" daemon [_thread_blocked, id=9560, stack(0x00000089a1300000,0x00000089a1400000)]
  0x000001f4ffd3e9f0 JavaThread "C2 CompilerThread0" daemon [_thread_blocked, id=18232, stack(0x00000089a1400000,0x00000089a1500000)]
  0x000001f4ffd47370 JavaThread "C1 CompilerThread0" daemon [_thread_blocked, id=15300, stack(0x00000089a1500000,0x00000089a1600000)]
  0x000001f4ffd47ce0 JavaThread "Sweeper thread" daemon [_thread_blocked, id=15464, stack(0x00000089a1600000,0x00000089a1700000)]
  0x000001f48865d000 JavaThread "Notification Thread" daemon [_thread_blocked, id=18816, stack(0x00000089a1700000,0x00000089a1800000)]
  0x000001f488680b40 JavaThread "Common-Cleaner" daemon [_thread_blocked, id=17508, stack(0x00000089a1900000,0x00000089a1a00000)]
  0x000001f488700d10 JavaThread "Java2D Disposer" daemon [_thread_blocked, id=8460, stack(0x00000089a1a00000,0x00000089a1b00000)]
  0x000001f4888db670 JavaThread "AWT-Shutdown" [_thread_blocked, id=19976, stack(0x00000089a1b00000,0x00000089a1c00000)]
  0x000001f4888e1420 JavaThread "AWT-EventQueue-0" [_thread_blocked, id=18420, stack(0x00000089a1d00000,0x00000089a1e00000)]
  0x000001f4e0de73d0 JavaThread "DestroyJavaVM" [_thread_blocked, id=19840, stack(0x00000089a0700000,0x00000089a0800000)]
  0x000001f48934aaf0 JavaThread "Image Animator 3" daemon [_thread_blocked, id=10892, stack(0x00000089a2000000,0x00000089a2100000)]
  0x000001f48934a5a0 JavaThread "TimerQueue" daemon [_thread_blocked, id=11308, stack(0x00000089a2d10000,0x00000089a2e10000)]

Other Threads:
=>0x000001f4ffd131b0 VMThread "VM Thread" [stack: 0x00000089a0d00000,0x00000089a0e00000] [id=16288]
  0x000001f4e0e5a6b0 WorkerThread "GC Thread#0" [stack: 0x00000089a0800000,0x00000089a0900000] [id=16044]
  0x000001f489229260 WorkerThread "GC Thread#1" [stack: 0x00000089a2500000,0x00000089a2600000] [id=17544]
  0x000001f490642c90 WorkerThread "GC Thread#2" [stack: 0x00000089a2600000,0x00000089a2700000] [id=18984]
  0x000001f490643d70 WorkerThread "GC Thread#3" [stack: 0x00000089a2700000,0x00000089a2800000] [id=16936]
  0x000001f4906418e0 WorkerThread "GC Thread#4" [stack: 0x00000089a2800000,0x00000089a2900000] [id=14404]
  0x000001f490643500 WorkerThread "GC Thread#5" [stack: 0x00000089a2900000,0x00000089a2a00000] [id=19756]
  0x000001f490640530 WorkerThread "GC Thread#6" [stack: 0x00000089a2a00000,0x00000089a2b00000] [id=17244]
  0x000001f490640800 WorkerThread "GC Thread#7" [stack: 0x00000089a2b00000,0x00000089a2c00000] [id=4132]
  0x000001f4e0e6b6e0 ConcurrentGCThread "G1 Main Marker" terminated
  0x000001f4e0e6c7c0 WorkerThread "G1 Conc#0" [stack: 0x00000089a0a00000,0x00000089a0b00000] [id=17784]
  0x000001f4ffbcef70 ConcurrentGCThread "G1 Refine#0" terminated
  0x000001f4ffbcf860 ConcurrentGCThread "G1 Service" terminated

Threads with active compile tasks:

VM state: at safepoint (shutting down)

VM Mutex/Monitor currently owned by a thread:  ([mutex/lock_event])
[0x000001f4e0de2b20] Threads_lock - owner thread: 0x000001f4ffd131b0
[0x000001f4e0de2bb0] Heap_lock - owner thread: 0x000001f4888e1420

Heap address: 0x0000000701400000, size: 4076 MB, Compressed Oops mode: Zero based, Oop shift amount: 3

CDS archive(s) mapped at: [0x0000000800000000-0x0000000800c40000-0x0000000800c40000), size 12845056, SharedBaseAddress: 0x0000000800000000, ArchiveRelocationMode: 0.
Compressed class space mapped at: 0x0000000801000000-0x0000000841000000, reserved size: 1073741824
Narrow klass base: 0x0000000800000000, Narrow klass shift: 0, Narrow klass range: 0x100000000

GC Precious Log:
 CardTable entry size: 512
 Card Set container configuration: InlinePtr #cards 4 size 8 Array Of Cards #cards 8 size 32 Howl #buckets 8 coarsen threshold 3686 Howl Bitmap #cards 512 size 80 coarsen threshold 460 Card regions per heap region 1 cards per card region 4096
 CPUs: 8 total, 8 available
 Memory: 16302M
 Large Page Support: Disabled
 NUMA Support: Disabled
 Compressed Oops: Enabled (Zero based)
 Heap Region Size: 2M
 Heap Min Capacity: 8M
 Heap Initial Capacity: 256M
 Heap Max Capacity: 4076M
 Pre-touch: Disabled
 Parallel Workers: 8
 Concurrent Workers: 2
 Concurrent Refinement Workers: 8
 Periodic GC: Disabled

Heap:
 garbage-first heap   total 262144K, used 98687K [0x0000000701400000, 0x0000000800000000)
  region size 2048K, 46 young (94208K), 1 survivors (2048K)
 Metaspace       used 9822K, committed 9984K, reserved 1114112K
  class space    used 1003K, committed 1088K, reserved 1048576K

Heap Regions: E=young(eden), S=young(survivor), O=old, HS=humongous(starts), HC=humongous(continues), CS=collection set, F=free, OA=open archive, CA=closed archive, TAMS=top-at-mark-start (previous, next)
|   0|0x0000000701400000, 0x0000000701600000, 0x0000000701600000|100%|HS|  |TAMS 0x0000000701400000, 0x0000000701400000| Complete 
|   1|0x0000000701600000, 0x0000000701800000, 0x0000000701800000|100%|HS|  |TAMS 0x0000000701600000, 0x0000000701600000| Complete 
|   2|0x0000000701800000, 0x0000000701a00000, 0x0000000701a00000|100%| O|  |TAMS 0x0000000701800000, 0x0000000701800000| Untracked 
|   3|0x0000000701a00000, 0x0000000701bef200, 0x0000000701c00000| 96%| O|  |TAMS 0x0000000701a00000, 0x0000000701a00000| Untracked 
|   4|0x0000000701c00000, 0x0000000701c00000, 0x0000000701e00000|  0%| F|  |TAMS 0x0000000701c00000, 0x0000000701c00000| Untracked 
|   5|0x0000000701e00000, 0x0000000701e00000, 0x0000000702000000|  0%| F|  |TAMS 0x0000000701e00000, 0x0000000701e00000| Untracked 
|   6|0x0000000702000000, 0x0000000702000000, 0x0000000702200000|  0%| F|  |TAMS 0x0000000702000000, 0x0000000702000000| Untracked 
|   7|0x0000000702200000, 0x0000000702200000, 0x0000000702400000|  0%| F|  |TAMS 0x0000000702200000, 0x0000000702200000| Untracked 
|   8|0x0000000702400000, 0x0000000702400000, 0x0000000702600000|  0%| F|  |TAMS 0x0000000702400000, 0x0000000702400000| Untracked 
|   9|0x0000000702600000, 0x0000000702600000, 0x0000000702800000|  0%| F|  |TAMS 0x0000000702600000, 0x0000000702600000| Untracked 
|  10|0x0000000702800000, 0x0000000702800000, 0x0000000702a00000|  0%| F|  |TAMS 0x0000000702800000, 0x0000000702800000| Untracked 
|  11|0x0000000702a00000, 0x0000000702a00000, 0x0000000702c00000|  0%| F|  |TAMS 0x0000000702a00000, 0x0000000702a00000| Untracked 
|  12|0x0000000702c00000, 0x0000000702c00000, 0x0000000702e00000|  0%| F|  |TAMS 0x0000000702c00000, 0x0000000702c00000| Untracked 
|  13|0x0000000702e00000, 0x0000000702e00000, 0x0000000703000000|  0%| F|  |TAMS 0x0000000702e00000, 0x0000000702e00000| Untracked 
|  14|0x0000000703000000, 0x0000000703000000, 0x0000000703200000|  0%| F|  |TAMS 0x0000000703000000, 0x0000000703000000| Untracked 
|  15|0x0000000703200000, 0x0000000703200000, 0x0000000703400000|  0%| F|  |TAMS 0x0000000703200000, 0x0000000703200000| Untracked 
|  16|0x0000000703400000, 0x0000000703400000, 0x0000000703600000|  0%| F|  |TAMS 0x0000000703400000, 0x0000000703400000| Untracked 
|  17|0x0000000703600000, 0x0000000703600000, 0x0000000703800000|  0%| F|  |TAMS 0x0000000703600000, 0x0000000703600000| Untracked 
|  18|0x0000000703800000, 0x0000000703800000, 0x0000000703a00000|  0%| F|  |TAMS 0x0000000703800000, 0x0000000703800000| Untracked 
|  19|0x0000000703a00000, 0x0000000703a00000, 0x0000000703c00000|  0%| F|  |TAMS 0x0000000703a00000, 0x0000000703a00000| Untracked 
|  20|0x0000000703c00000, 0x0000000703c00000, 0x0000000703e00000|  0%| F|  |TAMS 0x0000000703c00000, 0x0000000703c00000| Untracked 
|  21|0x0000000703e00000, 0x0000000703e00000, 0x0000000704000000|  0%| F|  |TAMS 0x0000000703e00000, 0x0000000703e00000| Untracked 
|  22|0x0000000704000000, 0x0000000704000000, 0x0000000704200000|  0%| F|  |TAMS 0x0000000704000000, 0x0000000704000000| Untracked 
|  23|0x0000000704200000, 0x0000000704200000, 0x0000000704400000|  0%| F|  |TAMS 0x0000000704200000, 0x0000000704200000| Untracked 
|  24|0x0000000704400000, 0x0000000704400000, 0x0000000704600000|  0%| F|  |TAMS 0x0000000704400000, 0x0000000704400000| Untracked 
|  25|0x0000000704600000, 0x0000000704600000, 0x0000000704800000|  0%| F|  |TAMS 0x0000000704600000, 0x0000000704600000| Untracked 
|  26|0x0000000704800000, 0x0000000704800000, 0x0000000704a00000|  0%| F|  |TAMS 0x0000000704800000, 0x0000000704800000| Untracked 
|  27|0x0000000704a00000, 0x0000000704a00000, 0x0000000704c00000|  0%| F|  |TAMS 0x0000000704a00000, 0x0000000704a00000| Untracked 
|  28|0x0000000704c00000, 0x0000000704c00000, 0x0000000704e00000|  0%| F|  |TAMS 0x0000000704c00000, 0x0000000704c00000| Untracked 
|  29|0x0000000704e00000, 0x0000000704e00000, 0x0000000705000000|  0%| F|  |TAMS 0x0000000704e00000, 0x0000000704e00000| Untracked 
|  30|0x0000000705000000, 0x0000000705000000, 0x0000000705200000|  0%| F|  |TAMS 0x0000000705000000, 0x0000000705000000| Untracked 
|  31|0x0000000705200000, 0x0000000705200000, 0x0000000705400000|  0%| F|  |TAMS 0x0000000705200000, 0x0000000705200000| Untracked 
|  32|0x0000000705400000, 0x0000000705400000, 0x0000000705600000|  0%| F|  |TAMS 0x0000000705400000, 0x0000000705400000| Untracked 
|  33|0x0000000705600000, 0x0000000705600000, 0x0000000705800000|  0%| F|  |TAMS 0x0000000705600000, 0x0000000705600000| Untracked 
|  34|0x0000000705800000, 0x0000000705800000, 0x0000000705a00000|  0%| F|  |TAMS 0x0000000705800000, 0x0000000705800000| Untracked 
|  35|0x0000000705a00000, 0x0000000705a00000, 0x0000000705c00000|  0%| F|  |TAMS 0x0000000705a00000, 0x0000000705a00000| Untracked 
|  36|0x0000000705c00000, 0x0000000705c00000, 0x0000000705e00000|  0%| F|  |TAMS 0x0000000705c00000, 0x0000000705c00000| Untracked 
|  37|0x0000000705e00000, 0x0000000705e00000, 0x0000000706000000|  0%| F|  |TAMS 0x0000000705e00000, 0x0000000705e00000| Untracked 
|  38|0x0000000706000000, 0x0000000706000000, 0x0000000706200000|  0%| F|  |TAMS 0x0000000706000000, 0x0000000706000000| Untracked 
|  39|0x0000000706200000, 0x0000000706200000, 0x0000000706400000|  0%| F|  |TAMS 0x0000000706200000, 0x0000000706200000| Untracked 
|  40|0x0000000706400000, 0x0000000706400000, 0x0000000706600000|  0%| F|  |TAMS 0x0000000706400000, 0x0000000706400000| Untracked 
|  41|0x0000000706600000, 0x0000000706600000, 0x0000000706800000|  0%| F|  |TAMS 0x0000000706600000, 0x0000000706600000| Untracked 
|  42|0x0000000706800000, 0x0000000706800000, 0x0000000706a00000|  0%| F|  |TAMS 0x0000000706800000, 0x0000000706800000| Untracked 
|  43|0x0000000706a00000, 0x0000000706a00000, 0x0000000706c00000|  0%| F|  |TAMS 0x0000000706a00000, 0x0000000706a00000| Untracked 
|  44|0x0000000706c00000, 0x0000000706c00000, 0x0000000706e00000|  0%| F|  |TAMS 0x0000000706c00000, 0x0000000706c00000| Untracked 
|  45|0x0000000706e00000, 0x0000000706e00000, 0x0000000707000000|  0%| F|  |TAMS 0x0000000706e00000, 0x0000000706e00000| Untracked 
|  46|0x0000000707000000, 0x0000000707000000, 0x0000000707200000|  0%| F|  |TAMS 0x0000000707000000, 0x0000000707000000| Untracked 
|  47|0x0000000707200000, 0x0000000707200000, 0x0000000707400000|  0%| F|  |TAMS 0x0000000707200000, 0x0000000707200000| Untracked 
|  48|0x0000000707400000, 0x0000000707400000, 0x0000000707600000|  0%| F|  |TAMS 0x0000000707400000, 0x0000000707400000| Untracked 
|  49|0x0000000707600000, 0x0000000707600000, 0x0000000707800000|  0%| F|  |TAMS 0x0000000707600000, 0x0000000707600000| Untracked 
|  50|0x0000000707800000, 0x0000000707800000, 0x0000000707a00000|  0%| F|  |TAMS 0x0000000707800000, 0x0000000707800000| Untracked 
|  51|0x0000000707a00000, 0x0000000707a70a20, 0x0000000707c00000| 21%| S|CS|TAMS 0x0000000707a00000, 0x0000000707a00000| Complete 
|  52|0x0000000707c00000, 0x0000000707c00000, 0x0000000707e00000|  0%| F|  |TAMS 0x0000000707c00000, 0x0000000707c00000| Untracked 
|  53|0x0000000707e00000, 0x0000000707e00000, 0x0000000708000000|  0%| F|  |TAMS 0x0000000707e00000, 0x0000000707e00000| Untracked 
|  54|0x0000000708000000, 0x0000000708000000, 0x0000000708200000|  0%| F|  |TAMS 0x0000000708000000, 0x0000000708000000| Untracked 
|  55|0x0000000708200000, 0x0000000708200000, 0x0000000708400000|  0%| F|  |TAMS 0x0000000708200000, 0x0000000708200000| Untracked 
|  56|0x0000000708400000, 0x0000000708400000, 0x0000000708600000|  0%| F|  |TAMS 0x0000000708400000, 0x0000000708400000| Untracked 
|  57|0x0000000708600000, 0x0000000708600000, 0x0000000708800000|  0%| F|  |TAMS 0x0000000708600000, 0x0000000708600000| Untracked 
|  58|0x0000000708800000, 0x0000000708800000, 0x0000000708a00000|  0%| F|  |TAMS 0x0000000708800000, 0x0000000708800000| Untracked 
|  59|0x0000000708a00000, 0x0000000708a00000, 0x0000000708c00000|  0%| F|  |TAMS 0x0000000708a00000, 0x0000000708a00000| Untracked 
|  60|0x0000000708c00000, 0x0000000708c00000, 0x0000000708e00000|  0%| F|  |TAMS 0x0000000708c00000, 0x0000000708c00000| Untracked 
|  61|0x0000000708e00000, 0x0000000708e00000, 0x0000000709000000|  0%| F|  |TAMS 0x0000000708e00000, 0x0000000708e00000| Untracked 
|  62|0x0000000709000000, 0x0000000709000000, 0x0000000709200000|  0%| F|  |TAMS 0x0000000709000000, 0x0000000709000000| Untracked 
|  63|0x0000000709200000, 0x0000000709200000, 0x0000000709400000|  0%| F|  |TAMS 0x0000000709200000, 0x0000000709200000| Untracked 
|  64|0x0000000709400000, 0x0000000709400000, 0x0000000709600000|  0%| F|  |TAMS 0x0000000709400000, 0x0000000709400000| Untracked 
|  65|0x0000000709600000, 0x0000000709600000, 0x0000000709800000|  0%| F|  |TAMS 0x0000000709600000, 0x0000000709600000| Untracked 
|  66|0x0000000709800000, 0x0000000709800000, 0x0000000709a00000|  0%| F|  |TAMS 0x0000000709800000, 0x0000000709800000| Untracked 
|  67|0x0000000709a00000, 0x0000000709a00000, 0x0000000709c00000|  0%| F|  |TAMS 0x0000000709a00000, 0x0000000709a00000| Untracked 
|  68|0x0000000709c00000, 0x0000000709c00000, 0x0000000709e00000|  0%| F|  |TAMS 0x0000000709c00000, 0x0000000709c00000| Untracked 
|  69|0x0000000709e00000, 0x0000000709e00000, 0x000000070a000000|  0%| F|  |TAMS 0x0000000709e00000, 0x0000000709e00000| Untracked 
|  70|0x000000070a000000, 0x000000070a000000, 0x000000070a200000|  0%| F|  |TAMS 0x000000070a000000, 0x000000070a000000| Untracked 
|  71|0x000000070a200000, 0x000000070a200000, 0x000000070a400000|  0%| F|  |TAMS 0x000000070a200000, 0x000000070a200000| Untracked 
|  72|0x000000070a400000, 0x000000070a400000, 0x000000070a600000|  0%| F|  |TAMS 0x000000070a400000, 0x000000070a400000| Untracked 
|  73|0x000000070a600000, 0x000000070a600000, 0x000000070a800000|  0%| F|  |TAMS 0x000000070a600000, 0x000000070a600000| Untracked 
|  74|0x000000070a800000, 0x000000070a800000, 0x000000070aa00000|  0%| F|  |TAMS 0x000000070a800000, 0x000000070a800000| Untracked 
|  75|0x000000070aa00000, 0x000000070aa00000, 0x000000070ac00000|  0%| F|  |TAMS 0x000000070aa00000, 0x000000070aa00000| Untracked 
|  76|0x000000070ac00000, 0x000000070ac00000, 0x000000070ae00000|  0%| F|  |TAMS 0x000000070ac00000, 0x000000070ac00000| Untracked 
|  77|0x000000070ae00000, 0x000000070ae00000, 0x000000070b000000|  0%| F|  |TAMS 0x000000070ae00000, 0x000000070ae00000| Untracked 
|  78|0x000000070b000000, 0x000000070b000000, 0x000000070b200000|  0%| F|  |TAMS 0x000000070b000000, 0x000000070b000000| Untracked 
|  79|0x000000070b200000, 0x000000070b200000, 0x000000070b400000|  0%| F|  |TAMS 0x000000070b200000, 0x000000070b200000| Untracked 
|  80|0x000000070b400000, 0x000000070b400000, 0x000000070b600000|  0%| F|  |TAMS 0x000000070b400000, 0x000000070b400000| Untracked 
|  81|0x000000070b600000, 0x000000070b600000, 0x000000070b800000|  0%| F|  |TAMS 0x000000070b600000, 0x000000070b600000| Untracked 
|  82|0x000000070b800000, 0x000000070b800000, 0x000000070ba00000|  0%| F|  |TAMS 0x000000070b800000, 0x000000070b800000| Untracked 
|  83|0x000000070ba00000, 0x000000070ba00800, 0x000000070bc00000|  0%| E|  |TAMS 0x000000070ba00000, 0x000000070ba00000| Complete 
|  84|0x000000070bc00000, 0x000000070be00000, 0x000000070be00000|100%| E|CS|TAMS 0x000000070bc00000, 0x000000070bc00000| Complete 
|  85|0x000000070be00000, 0x000000070c000000, 0x000000070c000000|100%| E|CS|TAMS 0x000000070be00000, 0x000000070be00000| Complete 
|  86|0x000000070c000000, 0x000000070c200000, 0x000000070c200000|100%| E|CS|TAMS 0x000000070c000000, 0x000000070c000000| Complete 
|  87|0x000000070c200000, 0x000000070c400000, 0x000000070c400000|100%| E|CS|TAMS 0x000000070c200000, 0x000000070c200000| Complete 
|  88|0x000000070c400000, 0x000000070c600000, 0x000000070c600000|100%| E|CS|TAMS 0x000000070c400000, 0x000000070c400000| Complete 
|  89|0x000000070c600000, 0x000000070c800000, 0x000000070c800000|100%| E|CS|TAMS 0x000000070c600000, 0x000000070c600000| Complete 
|  90|0x000000070c800000, 0x000000070ca00000, 0x000000070ca00000|100%| E|CS|TAMS 0x000000070c800000, 0x000000070c800000| Complete 
|  91|0x000000070ca00000, 0x000000070cc00000, 0x000000070cc00000|100%| E|CS|TAMS 0x000000070ca00000, 0x000000070ca00000| Complete 
|  92|0x000000070cc00000, 0x000000070ce00000, 0x000000070ce00000|100%| E|CS|TAMS 0x000000070cc00000, 0x000000070cc00000| Complete 
|  93|0x000000070ce00000, 0x000000070d000000, 0x000000070d000000|100%| E|CS|TAMS 0x000000070ce00000, 0x000000070ce00000| Complete 
|  94|0x000000070d000000, 0x000000070d200000, 0x000000070d200000|100%| E|CS|TAMS 0x000000070d000000, 0x000000070d000000| Complete 
|  95|0x000000070d200000, 0x000000070d400000, 0x000000070d400000|100%| E|CS|TAMS 0x000000070d200000, 0x000000070d200000| Complete 
|  96|0x000000070d400000, 0x000000070d600000, 0x000000070d600000|100%| E|CS|TAMS 0x000000070d400000, 0x000000070d400000| Complete 
|  97|0x000000070d600000, 0x000000070d800000, 0x000000070d800000|100%| E|CS|TAMS 0x000000070d600000, 0x000000070d600000| Complete 
|  98|0x000000070d800000, 0x000000070da00000, 0x000000070da00000|100%| E|CS|TAMS 0x000000070d800000, 0x000000070d800000| Complete 
|  99|0x000000070da00000, 0x000000070dc00000, 0x000000070dc00000|100%| E|CS|TAMS 0x000000070da00000, 0x000000070da00000| Complete 
| 100|0x000000070dc00000, 0x000000070de00000, 0x000000070de00000|100%| E|CS|TAMS 0x000000070dc00000, 0x000000070dc00000| Complete 
| 101|0x000000070de00000, 0x000000070e000000, 0x000000070e000000|100%| E|CS|TAMS 0x000000070de00000, 0x000000070de00000| Complete 
| 102|0x000000070e000000, 0x000000070e200000, 0x000000070e200000|100%| E|CS|TAMS 0x000000070e000000, 0x000000070e000000| Complete 
| 103|0x000000070e200000, 0x000000070e400000, 0x000000070e400000|100%| E|CS|TAMS 0x000000070e200000, 0x000000070e200000| Complete 
| 104|0x000000070e400000, 0x000000070e600000, 0x000000070e600000|100%| E|CS|TAMS 0x000000070e400000, 0x000000070e400000| Complete 
| 105|0x000000070e600000, 0x000000070e800000, 0x000000070e800000|100%| E|CS|TAMS 0x000000070e600000, 0x000000070e600000| Complete 
| 106|0x000000070e800000, 0x000000070ea00000, 0x000000070ea00000|100%| E|CS|TAMS 0x000000070e800000, 0x000000070e800000| Complete 
| 107|0x000000070ea00000, 0x000000070ec00000, 0x000000070ec00000|100%| E|CS|TAMS 0x000000070ea00000, 0x000000070ea00000| Complete 
| 108|0x000000070ec00000, 0x000000070ee00000, 0x000000070ee00000|100%| E|CS|TAMS 0x000000070ec00000, 0x000000070ec00000| Complete 
| 109|0x000000070ee00000, 0x000000070f000000, 0x000000070f000000|100%| E|CS|TAMS 0x000000070ee00000, 0x000000070ee00000| Complete 
| 110|0x000000070f000000, 0x000000070f200000, 0x000000070f200000|100%| E|CS|TAMS 0x000000070f000000, 0x000000070f000000| Complete 
| 111|0x000000070f200000, 0x000000070f400000, 0x000000070f400000|100%| E|CS|TAMS 0x000000070f200000, 0x000000070f200000| Complete 
| 112|0x000000070f400000, 0x000000070f600000, 0x000000070f600000|100%| E|CS|TAMS 0x000000070f400000, 0x000000070f400000| Complete 
| 113|0x000000070f600000, 0x000000070f800000, 0x000000070f800000|100%| E|CS|TAMS 0x000000070f600000, 0x000000070f600000| Complete 
| 114|0x000000070f800000, 0x000000070fa00000, 0x000000070fa00000|100%| E|CS|TAMS 0x000000070f800000, 0x000000070f800000| Complete 
| 115|0x000000070fa00000, 0x000000070fc00000, 0x000000070fc00000|100%| E|CS|TAMS 0x000000070fa00000, 0x000000070fa00000| Complete 
| 116|0x000000070fc00000, 0x000000070fe00000, 0x000000070fe00000|100%| E|CS|TAMS 0x000000070fc00000, 0x000000070fc00000| Complete 
| 117|0x000000070fe00000, 0x0000000710000000, 0x0000000710000000|100%| E|CS|TAMS 0x000000070fe00000, 0x000000070fe00000| Complete 
| 118|0x0000000710000000, 0x0000000710200000, 0x0000000710200000|100%| E|CS|TAMS 0x0000000710000000, 0x0000000710000000| Complete 
| 119|0x0000000710200000, 0x0000000710400000, 0x0000000710400000|100%| E|CS|TAMS 0x0000000710200000, 0x0000000710200000| Complete 
| 120|0x0000000710400000, 0x0000000710600000, 0x0000000710600000|100%| E|CS|TAMS 0x0000000710400000, 0x0000000710400000| Complete 
| 121|0x0000000710600000, 0x0000000710800000, 0x0000000710800000|100%| E|CS|TAMS 0x0000000710600000, 0x0000000710600000| Complete 
| 122|0x0000000710800000, 0x0000000710a00000, 0x0000000710a00000|100%| E|CS|TAMS 0x0000000710800000, 0x0000000710800000| Complete 
| 123|0x0000000710a00000, 0x0000000710c00000, 0x0000000710c00000|100%| E|CS|TAMS 0x0000000710a00000, 0x0000000710a00000| Complete 
| 124|0x0000000710c00000, 0x0000000710e00000, 0x0000000710e00000|100%| E|CS|TAMS 0x0000000710c00000, 0x0000000710c00000| Complete 
| 125|0x0000000710e00000, 0x0000000711000000, 0x0000000711000000|100%| E|CS|TAMS 0x0000000710e00000, 0x0000000710e00000| Complete 
| 126|0x0000000711000000, 0x0000000711200000, 0x0000000711200000|100%| E|CS|TAMS 0x0000000711000000, 0x0000000711000000| Complete 
| 127|0x0000000711200000, 0x0000000711400000, 0x0000000711400000|100%| E|CS|TAMS 0x0000000711200000, 0x0000000711200000| Complete 

Card table byte_map: [0x000001f4f8870000,0x000001f4f9070000] _byte_map_base: 0x000001f4f5066000

Marking Bits (Prev, Next): (CMBitMap*) 0x000001f4e0e5abf0, (CMBitMap*) 0x000001f4e0e5ac30
 Prev Bits: [0x000001f4f9870000, 0x000001f4fd820000)
 Next Bits: [0x000001f480000000, 0x000001f483fb0000)

Polling page: 0x000001f4dede0000

Metaspace:

Usage:
  Non-class:      8.61 MB used.
      Class:   1003.99 KB used.
       Both:      9.59 MB used.

Virtual space:
  Non-class space:       64.00 MB reserved,       8.69 MB ( 14%) committed,  1 nodes.
      Class space:        1.00 GB reserved,       1.06 MB ( <1%) committed,  1 nodes.
             Both:        1.06 GB reserved,       9.75 MB ( <1%) committed. 

Chunk freelists:
   Non-Class:  3.00 MB
       Class:  2.75 MB
        Both:  5.75 MB

MaxMetaspaceSize: unlimited
CompressedClassSpaceSize: 1.00 GB
Initial GC threshold: 21.00 MB
Current GC threshold: 21.00 MB
CDS: on
MetaspaceReclaimPolicy: balanced
 - commit_granule_bytes: 65536.
 - commit_granule_words: 8192.
 - virtual_space_node_default_size: 8388608.
 - enlarge_chunks_in_place: 1.
 - new_chunks_are_fully_committed: 0.
 - uncommit_free_chunks: 1.
 - use_allocation_guard: 0.


Internal statistics:

num_allocs_failed_limit: 0.
num_arena_births: 154.
num_arena_deaths: 0.
num_vsnodes_births: 2.
num_vsnodes_deaths: 0.
num_space_committed: 156.
num_space_uncommitted: 0.
num_chunks_returned_to_freelist: 0.
num_chunks_taken_from_freelist: 185.
num_chunk_merges: 0.
num_chunk_splits: 119.
num_chunks_enlarged: 75.
num_inconsistent_stats: 0.

CodeHeap 'non-profiled nmethods': size=120000Kb used=1007Kb max_used=1007Kb free=118992Kb
 bounds [0x000001f4f0810000, 0x000001f4f0a80000, 0x000001f4f7d40000]
CodeHeap 'profiled nmethods': size=120000Kb used=4134Kb max_used=4134Kb free=115865Kb
 bounds [0x000001f4e8d40000, 0x000001f4e9150000, 0x000001f4f0270000]
CodeHeap 'non-nmethods': size=5760Kb used=1393Kb max_used=1476Kb free=4366Kb
 bounds [0x000001f4f0270000, 0x000001f4f04e0000, 0x000001f4f0810000]
 total_blobs=2851 nmethods=2203 adapters=559
 compilation: enabled
              stopped_count=0, restarted_count=0
 full_count=0

Compilation events (20 events):
Event: 88.420 Thread 0x000001f4ffd3e9f0 2195       4       java.awt.AWTEvent::<init> (81 bytes)
Event: 88.424 Thread 0x000001f4ffd3e9f0 nmethod 2195 0x000001f4f090a910 code [0x000001f4f090aae0, 0x000001f4f090b150]
Event: 88.983 Thread 0x000001f4ffd47370 2196       3       java.lang.StringUTF16::getChars (42 bytes)
Event: 88.984 Thread 0x000001f4ffd47370 nmethod 2196 0x000001f4e9146610 code [0x000001f4e9146800, 0x000001f4e9146c88]
Event: 88.986 Thread 0x000001f4ffd47370 2197       3       sun.font.FontUtilities::isComplexCharCode (176 bytes)
Event: 88.986 Thread 0x000001f4ffd47370 nmethod 2197 0x000001f4e9146f10 code [0x000001f4e9147160, 0x000001f4e9147a18]
Event: 89.120 Thread 0x000001f4ffd47370 2198       3       sun.java2d.pipe.DrawImage::copyImage (60 bytes)
Event: 89.120 Thread 0x000001f4ffd47370 nmethod 2198 0x000001f4e9147a90 code [0x000001f4e9147c80, 0x000001f4e9148278]
Event: 89.747 Thread 0x000001f4ffd3e9f0 2199       4       java.awt.Rectangle::intersection (180 bytes)
Event: 89.748 Thread 0x000001f4ffd3e9f0 nmethod 2199 0x000001f4f090b690 code [0x000001f4f090b820, 0x000001f4f090ba58]
Event: 89.987 Thread 0x000001f4ffd47370 2200       3       java.awt.geom.Rectangle2D$Float::<init> (14 bytes)
Event: 89.987 Thread 0x000001f4ffd47370 nmethod 2200 0x000001f4e9148410 code [0x000001f4e91485c0, 0x000001f4e9148878]
Event: 89.987 Thread 0x000001f4ffd47370 2201       3       java.awt.geom.Rectangle2D$Float::setRect (22 bytes)
Event: 89.987 Thread 0x000001f4ffd47370 nmethod 2201 0x000001f4e9148990 code [0x000001f4e9148b20, 0x000001f4e9148c38]
Event: 90.488 Thread 0x000001f4ffd47370 2202       3       sun.font.FontDesignMetrics::charWidth (30 bytes)
Event: 90.488 Thread 0x000001f4ffd47370 nmethod 2202 0x000001f4e9148d10 code [0x000001f4e9148f20, 0x000001f4e9149458]
Event: 91.735 Thread 0x000001f4ffd47370 2203       3       java.awt.event.InputEvent$1::setCanAccessSystemClipboard (6 bytes)
Event: 91.735 Thread 0x000001f4ffd47370 nmethod 2203 0x000001f4e9149690 code [0x000001f4e9149820, 0x000001f4e9149938]
Event: 91.867 Thread 0x000001f4ffd47370 2204       1       javax.swing.event.EventListenerList::getListenerList (5 bytes)
Event: 91.867 Thread 0x000001f4ffd47370 nmethod 2204 0x000001f4f090bc10 code [0x000001f4f090bda0, 0x000001f4f090be78]

GC Heap History (6 events):
Event: 0.652 GC heap before
{Heap before GC invocations=0 (full 0):
 garbage-first heap   total 262144K, used 24576K [0x0000000701400000, 0x0000000800000000)
  region size 2048K, 11 young (22528K), 0 survivors (0K)
 Metaspace       used 7980K, committed 8192K, reserved 1114112K
  class space    used 844K, committed 960K, reserved 1048576K
}
Event: 0.655 GC heap after
{Heap after GC invocations=1 (full 0):
 garbage-first heap   total 262144K, used 5969K [0x0000000701400000, 0x0000000800000000)
  region size 2048K, 2 young (4096K), 2 survivors (4096K)
 Metaspace       used 7980K, committed 8192K, reserved 1114112K
  class space    used 844K, committed 960K, reserved 1048576K
}
Event: 10.052 GC heap before
{Heap before GC invocations=1 (full 0):
 garbage-first heap   total 262144K, used 38737K [0x0000000701400000, 0x0000000800000000)
  region size 2048K, 17 young (34816K), 2 survivors (4096K)
 Metaspace       used 9277K, committed 9408K, reserved 1114112K
  class space    used 961K, committed 1024K, reserved 1048576K
}
Event: 10.054 GC heap after
{Heap after GC invocations=2 (full 0):
 garbage-first heap   total 262144K, used 8963K [0x0000000701400000, 0x0000000800000000)
  region size 2048K, 1 young (2048K), 1 survivors (2048K)
 Metaspace       used 9277K, committed 9408K, reserved 1114112K
  class space    used 961K, committed 1024K, reserved 1048576K
}
Event: 62.308 GC heap before
{Heap before GC invocations=2 (full 0):
 garbage-first heap   total 262144K, used 160515K [0x0000000701400000, 0x0000000800000000)
  region size 2048K, 76 young (155648K), 1 survivors (2048K)
 Metaspace       used 9552K, committed 9728K, reserved 1114112K
  class space    used 961K, committed 1024K, reserved 1048576K
}
Event: 62.309 GC heap after
{Heap after GC invocations=3 (full 0):
 garbage-first heap   total 262144K, used 8575K [0x0000000701400000, 0x0000000800000000)
  region size 2048K, 1 young (2048K), 1 survivors (2048K)
 Metaspace       used 9552K, committed 9728K, reserved 1114112K
  class space    used 961K, committed 1024K, reserved 1048576K
}

Dll operation events (9 events):
Event: 0.005 Loaded shared library C:\Program Files\Java\jdk-19\bin\java.dll
Event: 0.011 Loaded shared library C:\Program Files\Java\jdk-19\bin\jsvml.dll
Event: 0.038 Loaded shared library C:\Program Files\Java\jdk-19\bin\net.dll
Event: 0.040 Loaded shared library C:\Program Files\Java\jdk-19\bin\nio.dll
Event: 0.043 Loaded shared library C:\Program Files\Java\jdk-19\bin\zip.dll
Event: 0.050 Loaded shared library C:\Program Files\Java\jdk-19\bin\jimage.dll
Event: 0.072 Loaded shared library C:\Program Files\Java\jdk-19\bin\awt.dll
Event: 0.460 Loaded shared library C:\Program Files\Java\jdk-19\bin\freetype.dll
Event: 0.461 Loaded shared library C:\Program Files\Java\jdk-19\bin\fontmanager.dll

Deoptimization events (20 events):
Event: 86.688 Thread 0x000001f4888e1420 Uncommon trap: trap_request=0xffffff45 fr.pc=0x000001f4f09047a0 relative=0x0000000000000bc0
Event: 86.688 Thread 0x000001f4888e1420 Uncommon trap: reason=unstable_if action=reinterpret pc=0x000001f4f09047a0 method=java.awt.Container$MouseEventTargetFilter.accept(Ljava/awt/Component;)Z @ 43 c2
Event: 86.688 Thread 0x000001f4888e1420 DEOPT PACKING pc=0x000001f4f09047a0 sp=0x00000089a1dfe850
Event: 86.688 Thread 0x000001f4888e1420 DEOPT UNPACKING pc=0x000001f4f02d6da3 sp=0x00000089a1dfe6f0 mode 2
Event: 86.691 Thread 0x000001f4888e1420 Uncommon trap: trap_request=0xffffff45 fr.pc=0x000001f4f08f3f98 relative=0x0000000000002338
Event: 86.691 Thread 0x000001f4888e1420 Uncommon trap: reason=unstable_if action=reinterpret pc=0x000001f4f08f3f98 method=sun.awt.image.ImageRepresentation.drawToBufImage(Ljava/awt/Graphics;Lsun/awt/image/ToolkitImage;IILjava/awt/Color;Ljava/awt/image/ImageObserver;)Z @ 60 c2
Event: 86.691 Thread 0x000001f4888e1420 DEOPT PACKING pc=0x000001f4f08f3f98 sp=0x00000089a1dfdaa0
Event: 86.691 Thread 0x000001f4888e1420 DEOPT UNPACKING pc=0x000001f4f02d6da3 sp=0x00000089a1dfda88 mode 2
Event: 86.691 Thread 0x000001f4888e1420 Uncommon trap: trap_request=0xffffffc6 fr.pc=0x000001f4f08dc2b4 relative=0x00000000000075f4
Event: 86.691 Thread 0x000001f4888e1420 Uncommon trap: reason=bimorphic_or_optimized_type_check action=maybe_recompile pc=0x000001f4f08dc2b4 method=sun.java2d.pipe.DrawImage.blitSurfaceData(Lsun/java2d/SunGraphics2D;Lsun/java2d/pipe/Region;Lsun/java2d/SurfaceData;Lsun/java2d/SurfaceData;IIIIIIL
Event: 86.691 Thread 0x000001f4888e1420 DEOPT PACKING pc=0x000001f4f08dc2b4 sp=0x00000089a1dfd8c0
Event: 86.691 Thread 0x000001f4888e1420 DEOPT UNPACKING pc=0x000001f4f02d6da3 sp=0x00000089a1dfd680 mode 2
Event: 91.735 Thread 0x000001f4888e1420 Uncommon trap: trap_request=0xffffffc6 fr.pc=0x000001f4f08dc2b4 relative=0x00000000000075f4
Event: 91.735 Thread 0x000001f4888e1420 Uncommon trap: reason=bimorphic_or_optimized_type_check action=maybe_recompile pc=0x000001f4f08dc2b4 method=sun.java2d.pipe.DrawImage.blitSurfaceData(Lsun/java2d/SunGraphics2D;Lsun/java2d/pipe/Region;Lsun/java2d/SurfaceData;Lsun/java2d/SurfaceData;IIIIIIL
Event: 91.735 Thread 0x000001f4888e1420 DEOPT PACKING pc=0x000001f4f08dc2b4 sp=0x00000089a1dfd900
Event: 91.735 Thread 0x000001f4888e1420 DEOPT UNPACKING pc=0x000001f4f02d6da3 sp=0x00000089a1dfd690 mode 2
Event: 91.867 Thread 0x000001f4888e1420 Uncommon trap: trap_request=0xffffff45 fr.pc=0x000001f4f084ff88 relative=0x0000000000000168
Event: 91.867 Thread 0x000001f4888e1420 Uncommon trap: reason=unstable_if action=reinterpret pc=0x000001f4f084ff88 method=java.util.concurrent.locks.ReentrantLock$NonfairSync.initialTryLock()Z @ 10 c2
Event: 91.867 Thread 0x000001f4888e1420 DEOPT PACKING pc=0x000001f4f084ff88 sp=0x00000089a1dfde20
Event: 91.867 Thread 0x000001f4888e1420 DEOPT UNPACKING pc=0x000001f4f02d6da3 sp=0x00000089a1dfdcb0 mode 2

Classes loaded (20 events):
Event: 79.470 Loading class javax/swing/text/AbstractDocument$UndoRedoDocumentEvent
Event: 79.470 Loading class javax/swing/text/AbstractDocument$UndoRedoDocumentEvent done
Event: 79.470 Loading class javax/swing/text/DefaultCaret$1
Event: 79.470 Loading class javax/swing/text/DefaultCaret$1 done
Event: 79.470 Loading class javax/swing/event/UndoableEditEvent
Event: 79.470 Loading class javax/swing/event/UndoableEditEvent done
Event: 79.470 Loading class javax/swing/text/AbstractDocument$DefaultDocumentEventUndoableWrapper
Event: 79.470 Loading class sun/swing/text/UndoableEditLockSupport
Event: 79.470 Loading class sun/swing/text/UndoableEditLockSupport done
Event: 79.470 Loading class javax/swing/text/AbstractDocument$DefaultDocumentEventUndoableWrapper done
Event: 79.470 Loading class javax/swing/event/UndoableEditListener
Event: 79.470 Loading class javax/swing/event/UndoableEditListener done
Event: 79.470 Loading class javax/swing/RepaintManager$3
Event: 79.470 Loading class javax/swing/RepaintManager$3 done
Event: 86.475 Loading class java/awt/Canvas
Event: 86.475 Loading class java/awt/Canvas done
Event: 86.475 Loading class java/awt/Scrollbar
Event: 86.475 Loading class java/awt/Adjustable
Event: 86.475 Loading class java/awt/Adjustable done
Event: 86.476 Loading class java/awt/Scrollbar done

Classes unloaded (0 events):
No events

Classes redefined (0 events):
No events

Internal exceptions (14 events):
Event: 0.065 Thread 0x000001f4e0de73d0 Exception <a 'java/lang/ClassNotFoundException'{0x000000071109b328}: sun/awt/resources/spi/awtProvider> (0x000000071109b328) 
thrown [s\open\src\hotspot\share\classfile\systemDictionary.cpp, line 255]
Event: 0.082 Thread 0x000001f4e0de73d0 Exception <a 'java/io/FileNotFoundException'{0x00000007110f4638}> (0x00000007110f4638) 
thrown [s\open\src\hotspot\share\prims\jni.cpp, line 517]
Event: 0.087 Thread 0x000001f4e0de73d0 Exception <a 'java/io/FileNotFoundException'{0x0000000711120ba0}> (0x0000000711120ba0) 
thrown [s\open\src\hotspot\share\prims\jni.cpp, line 517]
Event: 0.108 Thread 0x000001f4e0de73d0 Exception <a 'java/lang/NoSuchMethodError'{0x0000000711157e70}: 'java.lang.Object java.lang.invoke.DirectMethodHandle$Holder.invokeStaticInit(java.lang.Object)'> (0x0000000711157e70) 
thrown [s\open\src\hotspot\share\interpreter\linkResolver.cpp, line 774]
Event: 0.264 Thread 0x000001f4888e1420 Exception <a 'java/lang/NoSuchMethodError'{0x0000000710ecba08}: 'void java.lang.invoke.DirectMethodHandle$Holder.invokeSpecial(java.lang.Object, java.lang.Object, java.lang.Object)'> (0x0000000710ecba08) 
thrown [s\open\src\hotspot\share\interpreter\linkResolver.cpp, line 774]
Event: 0.270 Thread 0x000001f4888e1420 Exception <a 'java/lang/NoSuchMethodError'{0x0000000710f671e8}: 'java.lang.Object java.lang.invoke.DirectMethodHandle$Holder.newInvokeSpecial(java.lang.Object, java.lang.Object, java.lang.Object, java.lang.Object, java.lang.Object)'> (0x0000000710f671e8) 
thrown [s\open\src\hotspot\share\interpreter\linkResolver.cpp, line 774]
Event: 0.274 Thread 0x000001f4888e1420 Exception <a 'java/lang/NoSuchMethodError'{0x0000000710f988d0}: 'java.lang.Object java.lang.invoke.DirectMethodHandle$Holder.invokeStatic(java.lang.Object, int, java.lang.Object)'> (0x0000000710f988d0) 
thrown [s\open\src\hotspot\share\interpreter\linkResolver.cpp, line 774]
Event: 0.292 Thread 0x000001f4888e1420 Exception <a 'java/lang/ClassNotFoundException'{0x0000000710c54130}: com/sun/swing/internal/plaf/metal/resources/spi/metalProvider> (0x0000000710c54130) 
thrown [s\open\src\hotspot\share\classfile\systemDictionary.cpp, line 255]
Event: 0.292 Thread 0x000001f4888e1420 Exception <a 'java/lang/ClassNotFoundException'{0x0000000710c580e0}: com/sun/swing/internal/plaf/basic/resources/spi/basicProvider> (0x0000000710c580e0) 
thrown [s\open\src\hotspot\share\classfile\systemDictionary.cpp, line 255]
Event: 0.298 Thread 0x000001f4888e1420 Exception <a 'java/lang/NoSuchMethodError'{0x0000000710c78260}: 'int java.lang.invoke.Invokers$Holder.invokeExact_MT(java.lang.Object, java.lang.Object)'> (0x0000000710c78260) 
thrown [s\open\src\hotspot\share\interpreter\linkResolver.cpp, line 774]
Event: 0.369 Thread 0x000001f48934aaf0 Exception <a 'java/lang/NoSuchMethodError'{0x0000000710adb578}: 'java.lang.Object java.lang.invoke.DirectMethodHandle$Holder.newInvokeSpecial(java.lang.Object, java.lang.Object, java.lang.Object, int, int, int, int, int)'> (0x0000000710adb578) 
thrown [s\open\src\hotspot\share\interpreter\linkResolver.cpp, line 774]
Event: 0.390 Thread 0x000001f48934aaf0 Exception <a 'java/lang/InterruptedException'{0x0000000710b8f228}: sleep interrupted> (0x0000000710b8f228) 
thrown [s\open\src\hotspot\share\prims\jvm.cpp, line 3081]
Event: 0.457 Thread 0x000001f4888e1420 Exception <a 'java/lang/NoSuchMethodError'{0x00000007109c7ef8}: 'void java.lang.invoke.DirectMethodHandle$Holder.invokeStaticInit(java.lang.Object)'> (0x00000007109c7ef8) 
thrown [s\open\src\hotspot\share\interpreter\linkResolver.cpp, line 774]
Event: 0.688 Thread 0x000001f4888ddbc0 Exception <a 'java/lang/NoSuchMethodError'{0x0000000711367f50}: 'void java.lang.invoke.DirectMethodHandle$Holder.invokeVirtual(java.lang.Object, java.lang.Object)'> (0x0000000711367f50) 
thrown [s\open\src\hotspot\share\interpreter\linkResolver.cpp, line 774]

VM Operations (20 events):
Event: 69.311 Executing VM operation: Cleanup done
Event: 71.312 Executing VM operation: Cleanup
Event: 71.312 Executing VM operation: Cleanup done
Event: 75.314 Executing VM operation: Cleanup
Event: 75.314 Executing VM operation: Cleanup done
Event: 79.317 Executing VM operation: Cleanup
Event: 79.317 Executing VM operation: Cleanup done
Event: 79.468 Executing VM operation: HandshakeAllThreads
Event: 79.468 Executing VM operation: HandshakeAllThreads done
Event: 80.468 Executing VM operation: Cleanup
Event: 80.469 Executing VM operation: Cleanup done
Event: 82.469 Executing VM operation: Cleanup
Event: 82.469 Executing VM operation: Cleanup done
Event: 83.470 Executing VM operation: Cleanup
Event: 83.470 Executing VM operation: Cleanup done
Event: 86.472 Executing VM operation: Cleanup
Event: 86.472 Executing VM operation: Cleanup done
Event: 87.473 Executing VM operation: Cleanup
Event: 87.473 Executing VM operation: Cleanup done
Event: 91.969 Executing VM operation: Exit

Events (20 events):
Event: 0.021 Thread 0x000001f4ffd47ce0 Thread added: 0x000001f4ffd47ce0
Event: 0.033 Thread 0x000001f48865d000 Thread added: 0x000001f48865d000
Event: 0.035 Thread 0x000001f488680b40 Thread added: 0x000001f488680b40
Event: 0.108 Thread 0x000001f488700d10 Thread added: 0x000001f488700d10
Event: 0.109 Thread 0x000001f4888db670 Thread added: 0x000001f4888db670
Event: 0.110 Thread 0x000001f4888ddbc0 Thread added: 0x000001f4888ddbc0
Event: 0.118 Thread 0x000001f4888e1420 Thread added: 0x000001f4888e1420
Event: 0.118 Thread 0x000001f4e0de73d0 Thread exited: 0x000001f4e0de73d0
Event: 0.118 Thread 0x000001f4e0de73d0 Thread added: 0x000001f4e0de73d0
Event: 0.322 Thread 0x000001f48934aaf0 Thread added: 0x000001f48934aaf0
Event: 0.349 Thread 0x000001f48935a690 Thread added: 0x000001f48935a690
Event: 0.713 Thread 0x000001f48934bae0 Thread added: 0x000001f48934bae0
Event: 0.752 Thread 0x000001f48934a5a0 Thread added: 0x000001f48934a5a0
Event: 0.892 Thread 0x000001f48935a690 Thread exited: 0x000001f48935a690
Event: 91.867 Thread 0x000001f48934c030 Thread added: 0x000001f48934c030
Event: 91.867 Thread 0x000001f48934b040 Thread added: 0x000001f48934b040
Event: 91.868 Thread 0x000001f48934b040 Thread exited: 0x000001f48934b040
Event: 91.872 Thread 0x000001f48934bae0 Thread exited: 0x000001f48934bae0
Event: 91.885 Thread 0x000001f4888ddbc0 Thread exited: 0x000001f4888ddbc0
Event: 91.968 Thread 0x000001f48934c030 Thread exited: 0x000001f48934c030


Dynamic libraries:
0x00007ff720500000 - 0x00007ff720510000 	C:\Program Files\Java\jdk-19\bin\java.exe
0x00007ff8a9db0000 - 0x00007ff8a9fc4000 	C:\Windows\SYSTEM32\ntdll.dll
0x00007ff8a8590000 - 0x00007ff8a8652000 	C:\Windows\System32\KERNEL32.DLL
0x00007ff8a7470000 - 0x00007ff8a780c000 	C:\Windows\System32\KERNELBASE.dll
0x00007ff8a7350000 - 0x00007ff8a7461000 	C:\Windows\System32\ucrtbase.dll
0x00007ff8a2930000 - 0x00007ff8a294b000 	C:\Program Files\Java\jdk-19\bin\VCRUNTIME140.dll
0x00007ff86ac40000 - 0x00007ff86ac58000 	C:\Program Files\Java\jdk-19\bin\jli.dll
0x00007ff8a8660000 - 0x00007ff8a870e000 	C:\Windows\System32\ADVAPI32.dll
0x00007ff8a9ba0000 - 0x00007ff8a9c47000 	C:\Windows\System32\msvcrt.dll
0x00007ff8a9760000 - 0x00007ff8a9804000 	C:\Windows\System32\sechost.dll
0x00007ff8a8460000 - 0x00007ff8a8575000 	C:\Windows\System32\RPCRT4.dll
0x00007ff8a8810000 - 0x00007ff8a89bb000 	C:\Windows\System32\USER32.dll
0x00007ff8a7b90000 - 0x00007ff8a7bb6000 	C:\Windows\System32\win32u.dll
0x00007ff8a8a10000 - 0x00007ff8a8a39000 	C:\Windows\System32\GDI32.dll
0x00007ff8a7a70000 - 0x00007ff8a7b82000 	C:\Windows\System32\gdi32full.dll
0x00007ff8a72b0000 - 0x00007ff8a734a000 	C:\Windows\System32\msvcp_win.dll
0x00007ff8961f0000 - 0x00007ff89647e000 	C:\Windows\WinSxS\amd64_microsoft.windows.common-controls_6595b64144ccf1df_6.0.22621.317_none_a9434687c10c9fa2\COMCTL32.dll
0x00007ff8a0b30000 - 0x00007ff8a0b3a000 	C:\Windows\SYSTEM32\VERSION.dll
0x00007ff8a89d0000 - 0x00007ff8a8a01000 	C:\Windows\System32\IMM32.DLL
0x00007ff8a45e0000 - 0x00007ff8a45ec000 	C:\Program Files\Java\jdk-19\bin\vcruntime140_1.dll
0x00007ff88cf00000 - 0x00007ff88cf8e000 	C:\Program Files\Java\jdk-19\bin\msvcp140.dll
0x00007ff8457d0000 - 0x00007ff846490000 	C:\Program Files\Java\jdk-19\bin\server\jvm.dll
0x00007ff8a45f0000 - 0x00007ff8a45f9000 	C:\Windows\SYSTEM32\WSOCK32.dll
0x00007ff89e790000 - 0x00007ff89e7c4000 	C:\Windows\SYSTEM32\WINMM.dll
0x00007ff8a7d00000 - 0x00007ff8a7d71000 	C:\Windows\System32\WS2_32.dll
0x00007ff8a6230000 - 0x00007ff8a6248000 	C:\Windows\SYSTEM32\kernel.appcore.dll
0x00007ff8a29d0000 - 0x00007ff8a29da000 	C:\Program Files\Java\jdk-19\bin\jimage.dll
0x00007ff898220000 - 0x00007ff89844e000 	C:\Windows\SYSTEM32\DBGHELP.DLL
0x00007ff8a9810000 - 0x00007ff8a9b99000 	C:\Windows\System32\combase.dll
0x00007ff8a7d80000 - 0x00007ff8a7e57000 	C:\Windows\System32\OLEAUT32.dll
0x00007ff895800000 - 0x00007ff895832000 	C:\Windows\SYSTEM32\dbgcore.DLL
0x00007ff8a7880000 - 0x00007ff8a78fb000 	C:\Windows\System32\bcryptPrimitives.dll
0x00007ff89c630000 - 0x00007ff89c656000 	C:\Program Files\Java\jdk-19\bin\java.dll
0x00007ff86dda0000 - 0x00007ff86de77000 	C:\Program Files\Java\jdk-19\bin\jsvml.dll
0x00007ff8a8a50000 - 0x00007ff8a922b000 	C:\Windows\System32\SHELL32.dll
0x00007ff8a5200000 - 0x00007ff8a5ab5000 	C:\Windows\SYSTEM32\windows.storage.dll
0x00007ff8a50c0000 - 0x00007ff8a51fd000 	C:\Windows\SYSTEM32\wintypes.dll
0x00007ff8a8710000 - 0x00007ff8a8801000 	C:\Windows\System32\SHCORE.dll
0x00007ff8a8400000 - 0x00007ff8a845e000 	C:\Windows\System32\shlwapi.dll
0x00007ff8a7120000 - 0x00007ff8a7141000 	C:\Windows\SYSTEM32\profapi.dll
0x00007ff8a18f0000 - 0x00007ff8a1903000 	C:\Program Files\Java\jdk-19\bin\net.dll
0x00007ff8a12e0000 - 0x00007ff8a140f000 	C:\Windows\SYSTEM32\WINHTTP.dll
0x00007ff8a6770000 - 0x00007ff8a67d9000 	C:\Windows\system32\mswsock.dll
0x00007ff89cbc0000 - 0x00007ff89cbd6000 	C:\Program Files\Java\jdk-19\bin\nio.dll
0x00007ff89c6e0000 - 0x00007ff89c6f8000 	C:\Program Files\Java\jdk-19\bin\zip.dll
0x00007ff866fc0000 - 0x00007ff867151000 	C:\Program Files\Java\jdk-19\bin\awt.dll
0x00007ff8a4640000 - 0x00007ff8a46d7000 	C:\Windows\SYSTEM32\apphelp.dll
0x00007ff8a4840000 - 0x00007ff8a48eb000 	C:\Windows\system32\uxtheme.dll
0x00007ff8a9c50000 - 0x00007ff8a9d6e000 	C:\Windows\System32\MSCTF.dll
0x00007ff8a8080000 - 0x00007ff8a821c000 	C:\Windows\System32\ole32.dll
0x00007ff8a4c50000 - 0x00007ff8a4c7b000 	C:\Windows\system32\DWMAPI.DLL
0x00007ff871780000 - 0x00007ff871880000 	C:\Windows\system32\opengl32.dll
0x00007ff884b30000 - 0x00007ff884b5d000 	C:\Windows\SYSTEM32\GLU32.dll
0x00007ff8a4920000 - 0x00007ff8a4956000 	C:\Windows\SYSTEM32\dxcore.dll
0x00007ff89e930000 - 0x00007ff89e9e0000 	C:\Windows\System32\DriverStore\FileRepository\nvak.inf_amd64_a81fd51d2f03d93f\nvldumdx.dll
0x00007ff8a6a50000 - 0x00007ff8a6a62000 	C:\Windows\SYSTEM32\msasn1.dll
0x00007ff89fe60000 - 0x00007ff89fe92000 	C:\Windows\SYSTEM32\cryptnet.dll
0x00007ff8a7900000 - 0x00007ff8a7a66000 	C:\Windows\System32\CRYPT32.dll
0x00007ff89e7d0000 - 0x00007ff89e928000 	C:\Windows\SYSTEM32\drvstore.dll
0x00007ff8a6eb0000 - 0x00007ff8a6edc000 	C:\Windows\SYSTEM32\devobj.dll
0x00007ff8a6ee0000 - 0x00007ff8a6f2f000 	C:\Windows\SYSTEM32\cfgmgr32.dll
0x00007ff8a6a70000 - 0x00007ff8a6ab8000 	C:\Windows\SYSTEM32\wldp.dll
0x00007ff8a6960000 - 0x00007ff8a696c000 	C:\Windows\SYSTEM32\cryptbase.dll
0x00007ff8a7810000 - 0x00007ff8a7879000 	C:\Windows\System32\WINTRUST.DLL
0x00007ff8a9740000 - 0x00007ff8a975f000 	C:\Windows\System32\imagehlp.dll
0x00007ff8a6a00000 - 0x00007ff8a6a1b000 	C:\Windows\SYSTEM32\CRYPTSP.dll
0x00007ff8a61a0000 - 0x00007ff8a61d5000 	C:\Windows\system32\rsaenh.dll
0x00007ff8a6bc0000 - 0x00007ff8a6be8000 	C:\Windows\SYSTEM32\bcrypt.dll
0x00007ffffcc80000 - 0x00007ffffe408000 	C:\Windows\System32\DriverStore\FileRepository\nvak.inf_amd64_a81fd51d2f03d93f\nvd3dumx.dll
0x00007ff8a67e0000 - 0x00007ff8a6806000 	C:\Windows\SYSTEM32\gpapi.dll
0x00007ff870ab0000 - 0x00007ff870b36000 	C:\Program Files\Java\jdk-19\bin\freetype.dll
0x00007ff870290000 - 0x00007ff870339000 	C:\Program Files\Java\jdk-19\bin\fontmanager.dll
0x00007ff8a7c50000 - 0x00007ff8a7d00000 	C:\Windows\System32\clbcatq.dll
0x00007ff8a2ee0000 - 0x00007ff8a3090000 	C:\Windows\SYSTEM32\WindowsCodecs.dll
0x00007ff89d4b0000 - 0x00007ff89d5dd000 	C:\Windows\SYSTEM32\textinputframework.dll
0x00007ff8a3e30000 - 0x00007ff8a3f63000 	C:\Windows\SYSTEM32\CoreMessaging.dll
0x00007ff8a0bf0000 - 0x00007ff8a0f5c000 	C:\Windows\SYSTEM32\CoreUIComponents.dll
0x00007ff847890000 - 0x00007ff8478cc000 	C:\Program Files (x86)\EaseUS\EaseUS RecExperts\help64.dll
0x00007ff8943d0000 - 0x00007ff894589000 	C:\Windows\WinSxS\amd64_microsoft.windows.gdiplus_6595b64144ccf1df_1.1.22621.521_none_da283b591ba47c05\gdiplus.dll

dbghelp: loaded successfully - version: 4.0.5 - missing functions: none
symbol engine: initialized successfully - sym options: 0x614 - pdb path: .;C:\Program Files\Java\jdk-19\bin;C:\Windows\SYSTEM32;C:\Windows\WinSxS\amd64_microsoft.windows.common-controls_6595b64144ccf1df_6.0.22621.317_none_a9434687c10c9fa2;C:\Program Files\Java\jdk-19\bin\server;C:\Windows\System32\DriverStore\FileRepository\nvak.inf_amd64_a81fd51d2f03d93f;C:\Program Files (x86)\EaseUS\EaseUS RecExperts;C:\Windows\WinSxS\amd64_microsoft.windows.gdiplus_6595b64144ccf1df_1.1.22621.521_none_da283b591ba47c05

VM Arguments:
jvm_args: -Dfile.encoding=UTF-8 
java_command: Sistema_Nominado_Beta.Login_Online
java_class_path (initial): C:\Users\julio\OneDrive\Documentos\Libraries_Devs\Java\Netbeans\mysql-connector-java-5.1.18-bin.jar;C:\Program Files\NetBeans-15\netbeans\java\modules\ext\AbsoluteLayout.jar;C:\Users\julio\OneDrive\Documentos\Docum_Escuela_5to_SEM\Sistemas De Informacion\U1\Sistema_Nominado_Beta\build\classes
Launcher Type: SUN_STANDARD

[Global flags]
     intx CICompilerCount                          = 4                                         {product} {ergonomic}
     uint ConcGCThreads                            = 2                                         {product} {ergonomic}
     uint G1ConcRefinementThreads                  = 8                                         {product} {ergonomic}
   size_t G1HeapRegionSize                         = 2097152                                   {product} {ergonomic}
    uintx GCDrainStackTargetSize                   = 64                                        {product} {ergonomic}
   size_t InitialHeapSize                          = 268435456                                 {product} {ergonomic}
   size_t MarkStackSize                            = 4194304                                   {product} {ergonomic}
   size_t MaxHeapSize                              = 4273995776                                {product} {ergonomic}
   size_t MaxNewSize                               = 2562719744                                {product} {ergonomic}
   size_t MinHeapDeltaBytes                        = 2097152                                   {product} {ergonomic}
   size_t MinHeapSize                              = 8388608                                   {product} {ergonomic}
    uintx NonNMethodCodeHeapSize                   = 5839372                                {pd product} {ergonomic}
    uintx NonProfiledCodeHeapSize                  = 122909434                              {pd product} {ergonomic}
    uintx ProfiledCodeHeapSize                     = 122909434                              {pd product} {ergonomic}
    uintx ReservedCodeCacheSize                    = 251658240                              {pd product} {ergonomic}
     bool SegmentedCodeCache                       = true                                      {product} {ergonomic}
   size_t SoftMaxHeapSize                          = 4273995776                             {manageable} {ergonomic}
     bool UseCompressedClassPointers               = true                           {product lp64_product} {ergonomic}
     bool UseCompressedOops                        = true                           {product lp64_product} {ergonomic}
     bool UseG1GC                                  = true                                      {product} {ergonomic}
     bool UseLargePagesIndividualAllocation        = false                                  {pd product} {ergonomic}

Logging:
Log output configuration:
 #0: stdout all=off uptime,level,tags foldmultilines=false
 #1: stderr all=off uptime,level,tags foldmultilines=false

Environment Variables:
PATH=C:\Program Files\Common Files\Oracle\Java\javapath;C:\Windows\system32;C:\Windows;C:\Windows\System32\Wbem;C:\Windows\System32\WindowsPowerShell\v1.0\;C:\Windows\System32\OpenSSH\;C:\Program Files\dotnet\;C:\Users\julio\AppData\Local\Microsoft\WindowsApps;;C:\Users\julio\AppData\Local\spicetify;C:\Users\julio\AppData\Local\Programs\Microsoft VS Code\bin;C:\Users\julio\AppData\Local\Programs\oh-my-posh\bin
USERNAME=julio
OS=Windows_NT
PROCESSOR_IDENTIFIER=Intel64 Family 6 Model 158 Stepping 13, GenuineIntel
TMP=C:\Users\julio\AppData\Local\Temp
TEMP=C:\Users\julio\AppData\Local\Temp



---------------  S Y S T E M  ---------------

OS:
 Windows 11 , 64 bit Build 22621 (10.0.22621.457)
OS uptime: 0 days 6:23 hours
Hyper-V role detected

CPU: total 8 (initial active 8) (8 cores per cpu, 1 threads per core) family 6 model 158 stepping 13 microcode 0xde, cx8, cmov, fxsr, mmx, 3dnowpref, sse, sse2, sse3, ssse3, sse4.1, sse4.2, popcnt, lzcnt, tsc, tscinvbit, avx, avx2, aes, erms, clmul, bmi1, bmi2, adx, fma, vzeroupper, clflush, clflushopt, hv, rdtscp

Memory: 4k page, system-wide physical 16302M (6398M free)
TotalPageFile size 20288M (AvailPageFile size 2648M)
current process WorkingSet (physical memory assigned to process): 260M, peak: 303M
current process commit charge ("private bytes"): 423M, peak: 465M

vm_info: Java HotSpot(TM) 64-Bit Server VM (19+36-2238) for windows-amd64 JRE (19+36-2238), built on 2022-08-12T20:29:01Z by "mach5one" with MS VC++ 17.1 (VS2022)

END.
